# JRE version: Java(TM) SE Runtime Environment (11.0.6+8) (build 11.0.6+8-LTS)
# Java VM: Java HotSpot(TM) 64-Bit Server VM (11.0.6+8-LTS, mixed mode, tiered, compressed oops, g1 gc, windows-amd64)
Heap:
 garbage-first heap   total 145408K, used 102477K [0x00000000e0000000, 0x0000000100000000)
  region size 1024K, 25 young (25600K), 3 survivors (3072K)
 Metaspace       used 65153K, capacity 66569K, committed 66844K, reserved 1107968K
  class space    used 7913K, capacity 8485K, committed 8572K, reserved 1048576K
GC Heap History (10 events):
Event: 9.788 GC heap before
{Heap before GC invocations=28 (full 0):
 garbage-first heap   total 129024K, used 109480K [0x00000000e0000000, 0x0000000100000000)
  region size 1024K, 59 young (60416K), 5 survivors (5120K)
 Metaspace       used 55408K, capacity 56516K, committed 56732K, reserved 1099776K
  class space    used 6589K, capacity 7051K, committed 7164K, reserved 1048576K
}
Event: 9.791 GC heap after
{Heap after GC invocations=29 (full 0):
 garbage-first heap   total 129024K, used 54542K [0x00000000e0000000, 0x0000000100000000)
  region size 1024K, 5 young (5120K), 5 survivors (5120K)
 Metaspace       used 55408K, capacity 56516K, committed 56732K, reserved 1099776K
  class space    used 6589K, capacity 7051K, committed 7164K, reserved 1048576K
}
Event: 10.178 GC heap before
{Heap before GC invocations=29 (full 0):
 garbage-first heap   total 129024K, used 96526K [0x00000000e0000000, 0x0000000100000000)
  region size 1024K, 48 young (49152K), 5 survivors (5120K)
 Metaspace       used 59236K, capacity 60434K, committed 60572K, reserved 1101824K
  class space    used 7108K, capacity 7599K, committed 7676K, reserved 1048576K
}
Event: 10.187 GC heap after
{Heap after GC invocations=30 (full 0):
 garbage-first heap   total 129024K, used 58213K [0x00000000e0000000, 0x0000000100000000)
  region size 1024K, 8 young (8192K), 8 survivors (8192K)
 Metaspace       used 59236K, capacity 60434K, committed 60572K, reserved 1101824K
  class space    used 7108K, capacity 7599K, committed 7676K, reserved 1048576K
}
Event: 10.576 GC heap before
{Heap before GC invocations=31 (full 0):
 garbage-first heap   total 129024K, used 106341K [0x00000000e0000000, 0x0000000100000000)
  region size 1024K, 56 young (57344K), 8 survivors (8192K)
 Metaspace       used 62334K, capacity 63671K, committed 63900K, reserved 1105920K
  class space    used 7564K, capacity 8124K, committed 8188K, reserved 1048576K
}
Event: 10.589 GC heap after
{Heap after GC invocations=32 (full 0):
 garbage-first heap   total 145408K, used 69709K [0x00000000e0000000, 0x0000000100000000)
  region size 1024K, 7 young (7168K), 7 survivors (7168K)
 Metaspace       used 62334K, capacity 63671K, committed 63900K, reserved 1105920K
  class space    used 7564K, capacity 8124K, committed 8188K, reserved 1048576K
}
Event: 11.043 GC heap before
{Heap before GC invocations=33 (full 0):
 garbage-first heap   total 145408K, used 112717K [0x00000000e0000000, 0x0000000100000000)
  region size 1024K, 50 young (51200K), 7 survivors (7168K)
 Metaspace       used 64192K, capacity 65656K, committed 65692K, reserved 1105920K
  class space    used 7824K, capacity 8416K, committed 8444K, reserved 1048576K
}
Event: 11.051 GC heap after
{Heap after GC invocations=34 (full 0):
 garbage-first heap   total 145408K, used 75832K [0x00000000e0000000, 0x0000000100000000)
  region size 1024K, 7 young (7168K), 7 survivors (7168K)
 Metaspace       used 64192K, capacity 65656K, committed 65692K, reserved 1105920K
  class space    used 7824K, capacity 8416K, committed 8444K, reserved 1048576K
}
Event: 11.099 GC heap before
{Heap before GC invocations=34 (full 0):
 garbage-first heap   total 145408K, used 79928K [0x00000000e0000000, 0x0000000100000000)
  region size 1024K, 12 young (12288K), 7 survivors (7168K)
 Metaspace       used 64500K, capacity 65948K, committed 66076K, reserved 1107968K
  class space    used 7855K, capacity 8449K, committed 8572K, reserved 1048576K
}
Event: 11.104 GC heap after
{Heap after GC invocations=35 (full 0):
 garbage-first heap   total 145408K, used 77559K [0x00000000e0000000, 0x0000000100000000)
  region size 1024K, 2 young (2048K), 2 survivors (2048K)
 Metaspace       used 64500K, capacity 65948K, committed 66076K, reserved 1107968K
  class space    used 7855K, capacity 8449K, committed 8572K, reserved 1048576K
}

